<?xml version="1.0" encoding="UTF-8"?>
<testsuite xmlns:xsi="http://www.w3.org/2001/XMLSchema-instance" xsi:noNamespaceSchemaLocation="https://maven.apache.org/surefire/maven-surefire-plugin/xsd/surefire-test-report-3.0.xsd" version="3.0" name="hellocucumber.RunCucumberTest" time="0.238" tests="5" errors="0" skipped="0" failures="0">
  <properties>
[...]
</properties>
  <testcase name="Sunday isn&apos;t Friday" classname="is it Friday today ?" time="0.086">
    <system-out><![CDATA[
Scenario: Sunday isn't Friday        &amp#27;[90m# hellocucumber/today.feature:4&amp#27;[0m
  &amp#27;[32mGiven &amp#27;[0m&amp#27;[32mtoday is Sunday&amp#27;[0m              &amp#27;[90m# hellocucumber.StepDefinitions.today_is_sunday()&amp#27;[0m
  &amp#27;[32mWhen &amp#27;[0m&amp#27;[32mI ask whether it's Friday yet&amp#27;[0m &amp#27;[90m# hellocucumber.StepDefinitions.i_ask_whether_it_s_friday_yet()&amp#27;[0m
  &amp#27;[32mThen &amp#27;[0m&amp#27;[32mI should be told &amp#27;[0m&amp#27;[32m&amp#27;[1m"nope"&amp#27;[0m       &amp#27;[90m# hellocucumber.StepDefinitions.i_should_be_told(java.lang.String)&amp#27;[0m
]]></system-out>
  </testcase>
  <testcase name="Friday is Friday" classname="is it Friday today ?" time="0.008">
    <system-out><![CDATA[
Scenario: Friday is Friday           &amp#27;[90m# hellocucumber/today.feature:9&amp#27;[0m
  &amp#27;[32mGiven &amp#27;[0m&amp#27;[32mtoday is Friday&amp#27;[0m              &amp#27;[90m# hellocucumber.StepDefinitions.today_is_Friday()&amp#27;[0m
  &amp#27;[32mWhen &amp#27;[0m&amp#27;[32mI ask whether it's Friday yet&amp#27;[0m &amp#27;[90m# hellocucumber.StepDefinitions.i_ask_whether_it_s_friday_yet()&amp#27;[0m
  &amp#27;[32mThen &amp#27;[0m&amp#27;[32mI should be told &amp#27;[0m&amp#27;[32m&amp#27;[1m"TBC"&amp#27;[0m        &amp#27;[90m# hellocucumber.StepDefinitions.i_should_be_told(java.lang.String)&amp#27;[0m
]]></system-out>
  </testcase>
  <testcase name="Example #1" classname="Examples" time="0.008">
    <system-out><![CDATA[
Scenario Outline: Today is or not Friday &amp#27;[90m# hellocucumber/today.feature:21&amp#27;[0m
  &amp#27;[32mGiven &amp#27;[0m&amp#27;[32mtoday is &amp#27;[0m&amp#27;[32m&amp#27;[1m"Monday"&amp#27;[0m                &amp#27;[90m# hellocucumber.StepDefinitions.today_is(java.lang.String)&amp#27;[0m
  &amp#27;[32mWhen &amp#27;[0m&amp#27;[32mI ask whether it's Friday yet&amp#27;[0m     &amp#27;[90m# hellocucumber.StepDefinitions.i_ask_whether_it_s_friday_yet()&amp#27;[0m
  &amp#27;[32mThen &amp#27;[0m&amp#27;[32mI should be told &amp#27;[0m&amp#27;[32m&amp#27;[1m"nope"&amp#27;[0m           &amp#27;[90m# hellocucumber.StepDefinitions.i_should_be_told(java.lang.String)&amp#27;[0m
]]></system-out>
  </testcase>
  <testcase name="Example #2" classname="Examples" time="0.009">
    <system-out><![CDATA[
Scenario Outline: Today is or not Friday &amp#27;[90m# hellocucumber/today.feature:22&amp#27;[0m
  &amp#27;[32mGiven &amp#27;[0m&amp#27;[32mtoday is &amp#27;[0m&amp#27;[32m&amp#27;[1m"Friday"&amp#27;[0m                &amp#27;[90m# hellocucumber.StepDefinitions.today_is(java.lang.String)&amp#27;[0m
  &amp#27;[32mWhen &amp#27;[0m&amp#27;[32mI ask whether it's Friday yet&amp#27;[0m     &amp#27;[90m# hellocucumber.StepDefinitions.i_ask_whether_it_s_friday_yet()&amp#27;[0m
  &amp#27;[32mThen &amp#27;[0m&amp#27;[32mI should be told &amp#27;[0m&amp#27;[32m&amp#27;[1m"TBC"&amp#27;[0m            &amp#27;[90m# hellocucumber.StepDefinitions.i_should_be_told(java.lang.String)&amp#27;[0m
]]></system-out>
  </testcase>
  <testcase name="Example #3" classname="Examples" time="0.007">
    <system-out><![CDATA[
Scenario Outline: Today is or not Friday &amp#27;[90m# hellocucumber/today.feature:23&amp#27;[0m
  &amp#27;[32mGiven &amp#27;[0m&amp#27;[32mtoday is &amp#27;[0m&amp#27;[32m&amp#27;[1m"Any"&amp#27;[0m                   &amp#27;[90m# hellocucumber.StepDefinitions.today_is(java.lang.String)&amp#27;[0m
  &amp#27;[32mWhen &amp#27;[0m&amp#27;[32mI ask whether it's Friday yet&amp#27;[0m     &amp#27;[90m# hellocucumber.StepDefinitions.i_ask_whether_it_s_friday_yet()&amp#27;[0m
  &amp#27;[32mThen &amp#27;[0m&amp#27;[32mI should be told &amp#27;[0m&amp#27;[32m&amp#27;[1m"nope"&amp#27;[0m           &amp#27;[90m# hellocucumber.StepDefinitions.i_should_be_told(java.lang.String)&amp#27;[0m
]]></system-out>
  </testcase>
</testsuite>